<?xml version="1.0" encoding="UTF-8"?>
<testsuite xmlns:xsi="http://www.w3.org/2001/XMLSchema-instance" xsi:noNamespaceSchemaLocation="https://maven.apache.org/surefire/maven-surefire-plugin/xsd/surefire-test-report-3.0.xsd" version="3.0" name="com.yanque.commons.interceptor.JwtTokenInterceptorTest" time="1.452" tests="5" errors="0" skipped="0" failures="0">
  <properties>
[...]
</properties>
  <testcase name="rejectsTamperedToken" classname="com.yanque.commons.interceptor.JwtTokenInterceptorTest" time="1.412">
    <system-out><![CDATA[Standard Commons Logging discovery in action with spring-jcl: please remove commons-logging.jar from classpath in order to avoid potential conflicts
]]></system-out>
  </testcase>
  <testcase name="rejectsRequestWhenTokenIsMissing" classname="com.yanque.commons.interceptor.JwtTokenInterceptorTest" time="0.002"/>
  <testcase name="rejectsExpiredToken" classname="com.yanque.commons.interceptor.JwtTokenInterceptorTest" time="0.002"/>
  <testcase name="storesUserInThreadLocalAndAllowsValidRequest" classname="com.yanque.commons.interceptor.JwtTokenInterceptorTest" time="0.027"/>
  <testcase name="rejectsTokenMissingFromRedis" classname="com.yanque.commons.interceptor.JwtTokenInterceptorTest" time="0.002"/>
</testsuite>